<?xml version="1.0" encoding="UTF-8"?>
<coverage generated="1755182065176" clover="3.2.0">
  <project timestamp="1755182065176" name="All files">
    <metrics statements="79" coveredstatements="73" conditionals="21" coveredconditionals="18" methods="7" coveredmethods="7" elements="107" coveredelements="98" complexity="0" loc="79" ncloc="79" packages="1" files="1" classes="1"/>
    <file name="dataProcessor.ts" path="/home/ffattouh/mondrian-treemap/src/utils/dataProcessor.ts">
      <metrics statements="79" coveredstatements="73" conditionals="21" coveredconditionals="18" methods="7" coveredmethods="7"/>
      <line num="5" count="1" type="stmt"/>
      <line num="17" count="1" type="stmt"/>
      <line num="25" count="1" type="stmt"/>
      <line num="29" count="12" type="stmt"/>
      <line num="30" count="12" type="stmt"/>
      <line num="31" count="12" type="stmt"/>
      <line num="32" count="12" type="stmt"/>
      <line num="33" count="56" type="stmt"/>
      <line num="34" count="145" type="stmt"/>
      <line num="37" count="56" type="cond" truecount="1" falsecount="0"/>
      <line num="38" count="10" type="stmt"/>
      <line num="39" count="10" type="stmt"/>
      <line num="42" count="46" type="stmt"/>
      <line num="43" count="46" type="stmt"/>
      <line num="45" count="46" type="cond" truecount="5" falsecount="0"/>
      <line num="47" count="18" type="stmt"/>
      <line num="48" count="18" type="stmt"/>
      <line num="51" count="9" type="stmt"/>
      <line num="52" count="9" type="stmt"/>
      <line num="55" count="9" type="stmt"/>
      <line num="56" count="9" type="stmt"/>
      <line num="59" count="9" type="stmt"/>
      <line num="60" count="9" type="stmt"/>
      <line num="63" count="1" type="stmt"/>
      <line num="65" count="46" type="stmt"/>
      <line num="66" count="46" type="cond" truecount="1" falsecount="0"/>
      <line num="67" count="43" type="stmt"/>
      <line num="75" count="12" type="stmt"/>
      <line num="77" count="12" type="stmt"/>
      <line num="95" count="18" type="stmt"/>
      <line num="96" count="18" type="stmt"/>
      <line num="98" count="18" type="stmt"/>
      <line num="99" count="35" type="stmt"/>
      <line num="100" count="35" type="cond" truecount="1" falsecount="0"/>
      <line num="101" count="1" type="stmt"/>
      <line num="102" count="1" type="stmt"/>
      <line num="105" count="34" type="stmt"/>
      <line num="106" count="34" type="stmt"/>
      <line num="111" count="34" type="stmt"/>
      <line num="114" count="18" type="stmt"/>
      <line num="132" count="9" type="stmt"/>
      <line num="134" count="9" type="stmt"/>
      <line num="135" count="27" type="stmt"/>
      <line num="136" count="27" type="cond" truecount="0" falsecount="1"/>
      <line num="137" count="0" type="stmt"/>
      <line num="138" count="0" type="stmt"/>
      <line num="141" count="27" type="stmt"/>
      <line num="142" count="27" type="stmt"/>
      <line num="147" count="27" type="stmt"/>
      <line num="150" count="9" type="stmt"/>
      <line num="168" count="9" type="cond" truecount="1" falsecount="0"/>
      <line num="169" count="1" type="stmt"/>
      <line num="170" count="1" type="stmt"/>
      <line num="174" count="8" type="stmt"/>
      <line num="175" count="8" type="stmt"/>
      <line num="176" count="24" type="stmt"/>
      <line num="177" count="8" type="cond" truecount="1" falsecount="0"/>
      <line num="178" count="8" type="stmt"/>
      <line num="182" count="8" type="stmt"/>
      <line num="183" count="8" type="stmt"/>
      <line num="184" count="8" type="stmt"/>
      <line num="185" count="8" type="cond" truecount="0" falsecount="1"/>
      <line num="186" count="0" type="stmt"/>
      <line num="187" count="0" type="stmt"/>
      <line num="190" count="8" type="stmt"/>
      <line num="191" count="8" type="stmt"/>
      <line num="196" count="8" type="stmt"/>
      <line num="199" count="8" type="stmt"/>
      <line num="215" count="9" type="stmt"/>
      <line num="216" count="9" type="stmt"/>
      <line num="218" count="9" type="stmt"/>
      <line num="220" count="18" type="stmt"/>
      <line num="221" count="18" type="cond" truecount="0" falsecount="1"/>
      <line num="222" count="0" type="stmt"/>
      <line num="223" count="0" type="stmt"/>
      <line num="226" count="18" type="stmt"/>
      <line num="227" count="18" type="stmt"/>
      <line num="232" count="18" type="stmt"/>
      <line num="235" count="9" type="stmt"/>
    </file>
  </project>
</coverage>
