{"/home/ffattouh/mondrian-treemap/src/utils/dataProcessor.ts": {"path":"/home/ffattouh/mondrian-treemap/src/utils/dataProcessor.ts","statementMap":{"0":{"start":{"line":25,"column":0},"end":{"line":25,"column":16}},"1":{"start":{"line":5,"column":13},"end":{"line":14,"column":2}},"2":{"start":{"line":17,"column":13},"end":{"line":20,"column":2}},"3":{"start":{"line":29,"column":33},"end":{"line":29,"column":48}},"4":{"start":{"line":30,"column":2},"end":{"line":30,"column":37}},"5":{"start":{"line":31,"column":2},"end":{"line":31,"column":53}},"6":{"start":{"line":32,"column":2},"end":{"line":73,"column":3}},"7":{"start":{"line":33,"column":22},"end":{"line":34,"column":null}},"8":{"start":{"line":34,"column":11},"end":{"line":34,"column":44}},"9":{"start":{"line":37,"column":4},"end":{"line":40,"column":5}},"10":{"start":{"line":38,"column":6},"end":{"line":38,"column":72}},"11":{"start":{"line":39,"column":6},"end":{"line":39,"column":15}},"12":{"start":{"line":42,"column":77},"end":{"line":42,"column":79}},"13":{"start":{"line":43,"column":16},"end":{"line":43,"column":17}},"14":{"start":{"line":45,"column":4},"end":{"line":64,"column":5}},"15":{"start":{"line":47,"column":8},"end":{"line":47,"column":95}},"16":{"start":{"line":48,"column":8},"end":{"line":48,"column":14}},"17":{"start":{"line":51,"column":8},"end":{"line":51,"column":94}},"18":{"start":{"line":52,"column":8},"end":{"line":52,"column":14}},"19":{"start":{"line":55,"column":8},"end":{"line":55,"column":83}},"20":{"start":{"line":56,"column":8},"end":{"line":56,"column":14}},"21":{"start":{"line":59,"column":8},"end":{"line":59,"column":76}},"22":{"start":{"line":60,"column":8},"end":{"line":60,"column":14}},"23":{"start":{"line":63,"column":8},"end":{"line":63,"column":86}},"24":{"start":{"line":65,"column":4},"end":{"line":65,"column":35}},"25":{"start":{"line":66,"column":4},"end":{"line":72,"column":5}},"26":{"start":{"line":67,"column":6},"end":{"line":71,"column":9}},"27":{"start":{"line":75,"column":2},"end":{"line":75,"column":33}},"28":{"start":{"line":77,"column":2},"end":{"line":77,"column":16}},"29":{"start":{"line":95,"column":20},"end":{"line":95,"column":64}},"30":{"start":{"line":96,"column":14},"end":{"line":96,"column":15}},"31":{"start":{"line":98,"column":2},"end":{"line":112,"column":3}},"32":{"start":{"line":99,"column":23},"end":{"line":99,"column":57}},"33":{"start":{"line":100,"column":4},"end":{"line":103,"column":5}},"34":{"start":{"line":101,"column":6},"end":{"line":101,"column":77}},"35":{"start":{"line":102,"column":6},"end":{"line":102,"column":15}},"36":{"start":{"line":105,"column":25},"end":{"line":105,"column":55}},"37":{"start":{"line":106,"column":4},"end":{"line":110,"column":7}},"38":{"start":{"line":111,"column":4},"end":{"line":111,"column":26}},"39":{"start":{"line":114,"column":2},"end":{"line":114,"column":15}},"40":{"start":{"line":132,"column":14},"end":{"line":132,"column":15}},"41":{"start":{"line":134,"column":2},"end":{"line":148,"column":3}},"42":{"start":{"line":135,"column":23},"end":{"line":135,"column":57}},"43":{"start":{"line":136,"column":4},"end":{"line":139,"column":5}},"44":{"start":{"line":137,"column":6},"end":{"line":137,"column":77}},"45":{"start":{"line":138,"column":6},"end":{"line":138,"column":15}},"46":{"start":{"line":141,"column":25},"end":{"line":141,"column":67}},"47":{"start":{"line":142,"column":4},"end":{"line":146,"column":7}},"48":{"start":{"line":147,"column":4},"end":{"line":147,"column":26}},"49":{"start":{"line":150,"column":2},"end":{"line":150,"column":15}},"50":{"start":{"line":168,"column":2},"end":{"line":171,"column":3}},"51":{"start":{"line":169,"column":4},"end":{"line":169,"column":76}},"52":{"start":{"line":170,"column":4},"end":{"line":170,"column":13}},"53":{"start":{"line":174,"column":25},"end":{"line":174,"column":26}},"54":{"start":{"line":175,"column":2},"end":{"line":180,"column":3}},"55":{"start":{"line":176,"column":29},"end":{"line":176,"column":80}},"56":{"start":{"line":176,"column":56},"end":{"line":176,"column":79}},"57":{"start":{"line":177,"column":4},"end":{"line":179,"column":5}},"58":{"start":{"line":178,"column":6},"end":{"line":178,"column":54}},"59":{"start":{"line":182,"column":14},"end":{"line":182,"column":15}},"60":{"start":{"line":183,"column":2},"end":{"line":197,"column":3}},"61":{"start":{"line":184,"column":23},"end":{"line":184,"column":66}},"62":{"start":{"line":185,"column":4},"end":{"line":188,"column":5}},"63":{"start":{"line":186,"column":6},"end":{"line":186,"column":86}},"64":{"start":{"line":187,"column":6},"end":{"line":187,"column":15}},"65":{"start":{"line":190,"column":25},"end":{"line":190,"column":62}},"66":{"start":{"line":191,"column":4},"end":{"line":195,"column":7}},"67":{"start":{"line":196,"column":4},"end":{"line":196,"column":26}},"68":{"start":{"line":199,"column":2},"end":{"line":199,"column":15}},"69":{"start":{"line":215,"column":20},"end":{"line":215,"column":64}},"70":{"start":{"line":216,"column":14},"end":{"line":216,"column":15}},"71":{"start":{"line":218,"column":2},"end":{"line":233,"column":3}},"72":{"start":{"line":220,"column":23},"end":{"line":220,"column":67}},"73":{"start":{"line":221,"column":4},"end":{"line":224,"column":5}},"74":{"start":{"line":222,"column":6},"end":{"line":222,"column":68}},"75":{"start":{"line":223,"column":6},"end":{"line":223,"column":15}},"76":{"start":{"line":226,"column":25},"end":{"line":226,"column":55}},"77":{"start":{"line":227,"column":4},"end":{"line":231,"column":7}},"78":{"start":{"line":232,"column":4},"end":{"line":232,"column":26}},"79":{"start":{"line":235,"column":2},"end":{"line":235,"column":15}}},"fnMap":{"0":{"name":"calculateSNBCData","decl":{"start":{"line":25,"column":16},"end":{"line":25,"column":33}},"loc":{"start":{"line":27,"column":36},"end":{"line":78,"column":1}}},"1":{"name":"(anonymous_1)","decl":{"start":{"line":34,"column":6},"end":{"line":34,"column":7}},"loc":{"start":{"line":34,"column":11},"end":{"line":34,"column":44}}},"2":{"name":"calculateDifferenceRepartition","decl":{"start":{"line":89,"column":9},"end":{"line":89,"column":39}},"loc":{"start":{"line":93,"column":66},"end":{"line":115,"column":1}}},"3":{"name":"calculateTranspositionDirecte","decl":{"start":{"line":126,"column":9},"end":{"line":126,"column":38}},"loc":{"start":{"line":130,"column":66},"end":{"line":151,"column":1}}},"4":{"name":"calculateTranspositionSum","decl":{"start":{"line":162,"column":9},"end":{"line":162,"column":34}},"loc":{"start":{"line":166,"column":66},"end":{"line":200,"column":1}}},"5":{"name":"(anonymous_5)","decl":{"start":{"line":176,"column":51},"end":{"line":176,"column":52}},"loc":{"start":{"line":176,"column":56},"end":{"line":176,"column":79}}},"6":{"name":"calculateNationalRepartition","decl":{"start":{"line":210,"column":9},"end":{"line":210,"column":37}},"loc":{"start":{"line":213,"column":66},"end":{"line":236,"column":1}}}},"branchMap":{"0":{"loc":{"start":{"line":37,"column":4},"end":{"line":40,"column":5}},"type":"if","locations":[{"start":{"line":37,"column":4},"end":{"line":40,"column":5}}]},"1":{"loc":{"start":{"line":45,"column":4},"end":{"line":64,"column":5}},"type":"switch","locations":[{"start":{"line":46,"column":6},"end":{"line":48,"column":14}},{"start":{"line":50,"column":6},"end":{"line":52,"column":14}},{"start":{"line":54,"column":6},"end":{"line":56,"column":14}},{"start":{"line":58,"column":6},"end":{"line":60,"column":14}},{"start":{"line":62,"column":6},"end":{"line":63,"column":86}}]},"2":{"loc":{"start":{"line":66,"column":4},"end":{"line":72,"column":5}},"type":"if","locations":[{"start":{"line":66,"column":4},"end":{"line":72,"column":5}}]},"3":{"loc":{"start":{"line":100,"column":4},"end":{"line":103,"column":5}},"type":"if","locations":[{"start":{"line":100,"column":4},"end":{"line":103,"column":5}}]},"4":{"loc":{"start":{"line":109,"column":13},"end":{"line":109,"column":37}},"type":"binary-expr","locations":[{"start":{"line":109,"column":13},"end":{"line":109,"column":24}},{"start":{"line":109,"column":28},"end":{"line":109,"column":37}}]},"5":{"loc":{"start":{"line":136,"column":4},"end":{"line":139,"column":5}},"type":"if","locations":[{"start":{"line":136,"column":4},"end":{"line":139,"column":5}}]},"6":{"loc":{"start":{"line":145,"column":13},"end":{"line":145,"column":37}},"type":"binary-expr","locations":[{"start":{"line":145,"column":13},"end":{"line":145,"column":24}},{"start":{"line":145,"column":28},"end":{"line":145,"column":37}}]},"7":{"loc":{"start":{"line":168,"column":2},"end":{"line":171,"column":3}},"type":"if","locations":[{"start":{"line":168,"column":2},"end":{"line":171,"column":3}}]},"8":{"loc":{"start":{"line":177,"column":4},"end":{"line":179,"column":5}},"type":"if","locations":[{"start":{"line":177,"column":4},"end":{"line":179,"column":5}}]},"9":{"loc":{"start":{"line":185,"column":4},"end":{"line":188,"column":5}},"type":"if","locations":[{"start":{"line":185,"column":4},"end":{"line":188,"column":5}}]},"10":{"loc":{"start":{"line":194,"column":13},"end":{"line":194,"column":37}},"type":"binary-expr","locations":[{"start":{"line":194,"column":13},"end":{"line":194,"column":24}},{"start":{"line":194,"column":28},"end":{"line":194,"column":37}}]},"11":{"loc":{"start":{"line":221,"column":4},"end":{"line":224,"column":5}},"type":"if","locations":[{"start":{"line":221,"column":4},"end":{"line":224,"column":5}}]},"12":{"loc":{"start":{"line":230,"column":13},"end":{"line":230,"column":37}},"type":"binary-expr","locations":[{"start":{"line":230,"column":13},"end":{"line":230,"column":24}},{"start":{"line":230,"column":28},"end":{"line":230,"column":37}}]}},"s":{"0":1,"1":1,"2":1,"3":12,"4":12,"5":12,"6":12,"7":56,"8":145,"9":56,"10":10,"11":10,"12":46,"13":46,"14":46,"15":18,"16":18,"17":9,"18":9,"19":9,"20":9,"21":9,"22":9,"23":1,"24":46,"25":46,"26":43,"27":12,"28":12,"29":18,"30":18,"31":18,"32":35,"33":35,"34":1,"35":1,"36":34,"37":34,"38":34,"39":18,"40":9,"41":9,"42":27,"43":27,"44":0,"45":0,"46":27,"47":27,"48":27,"49":9,"50":9,"51":1,"52":1,"53":8,"54":8,"55":8,"56":24,"57":8,"58":8,"59":8,"60":8,"61":8,"62":8,"63":0,"64":0,"65":8,"66":8,"67":8,"68":8,"69":9,"70":9,"71":9,"72":18,"73":18,"74":0,"75":0,"76":18,"77":18,"78":18,"79":9},"f":{"0":12,"1":145,"2":18,"3":9,"4":9,"5":24,"6":9},"b":{"0":[10],"1":[18,9,9,9,1],"2":[43],"3":[1],"4":[34,34],"5":[0],"6":[27,27],"7":[1],"8":[8],"9":[0],"10":[8,8],"11":[0],"12":[18,18]}}
}
