TN:
SF:src/utils/dataProcessor.ts
FN:25,calculateSNBCData
FN:34,(anonymous_1)
FN:89,calculateDifferenceRepartition
FN:126,calculateTranspositionDirecte
FN:162,calculateTranspositionSum
FN:176,(anonymous_5)
FN:210,calculateNationalRepartition
FNF:7
FNH:7
FNDA:12,calculateSNBCData
FNDA:145,(anonymous_1)
FNDA:18,calculateDifferenceRepartition
FNDA:9,calculateTranspositionDirecte
FNDA:9,calculateTranspositionSum
FNDA:24,(anonymous_5)
FNDA:9,calculateNationalRepartition
DA:5,1
DA:17,1
DA:25,1
DA:29,12
DA:30,12
DA:31,12
DA:32,12
DA:33,56
DA:34,145
DA:37,56
DA:38,10
DA:39,10
DA:42,46
DA:43,46
DA:45,46
DA:47,18
DA:48,18
DA:51,9
DA:52,9
DA:55,9
DA:56,9
DA:59,9
DA:60,9
DA:63,1
DA:65,46
DA:66,46
DA:67,43
DA:75,12
DA:77,12
DA:95,18
DA:96,18
DA:98,18
DA:99,35
DA:100,35
DA:101,1
DA:102,1
DA:105,34
DA:106,34
DA:111,34
DA:114,18
DA:132,9
DA:134,9
DA:135,27
DA:136,27
DA:137,0
DA:138,0
DA:141,27
DA:142,27
DA:147,27
DA:150,9
DA:168,9
DA:169,1
DA:170,1
DA:174,8
DA:175,8
DA:176,24
DA:177,8
DA:178,8
DA:182,8
DA:183,8
DA:184,8
DA:185,8
DA:186,0
DA:187,0
DA:190,8
DA:191,8
DA:196,8
DA:199,8
DA:215,9
DA:216,9
DA:218,9
DA:220,18
DA:221,18
DA:222,0
DA:223,0
DA:226,18
DA:227,18
DA:232,18
DA:235,9
LF:79
LH:73
BRDA:37,0,0,10
BRDA:45,1,0,18
BRDA:45,1,1,9
BRDA:45,1,2,9
BRDA:45,1,3,9
BRDA:45,1,4,1
BRDA:66,2,0,43
BRDA:100,3,0,1
BRDA:109,4,0,34
BRDA:109,4,1,34
BRDA:136,5,0,0
BRDA:145,6,0,27
BRDA:145,6,1,27
BRDA:168,7,0,1
BRDA:177,8,0,8
BRDA:185,9,0,0
BRDA:194,10,0,8
BRDA:194,10,1,8
BRDA:221,11,0,0
BRDA:230,12,0,18
BRDA:230,12,1,18
BRF:21
BRH:18
end_of_record
